22:00:43.878448 ZoomEye: check callback failed for the configuration
22:00:43.879845 Ahrefs: check callback failed for the configuration
22:00:43.884335 IPdata: check callback failed for the configuration
22:00:43.884503 IPinfo: check callback failed for the configuration
22:00:43.884562 IntelX: check callback failed for the configuration
22:00:43.884814 Netlas: check callback failed for the configuration
22:00:43.885015 ONYPHE: check callback failed for the configuration
22:00:43.885458 PassiveTotal: check callback failed for the configuration
22:00:43.885620 Pastebin: check callback failed for the configuration
22:00:43.885726 PentestTools: check callback failed for the configuration
22:00:43.885850 PublicWWW: check callback failed for the configuration
22:00:43.886090 Quake: check callback failed for the configuration
22:00:43.903683 SOCRadar: check callback failed for the configuration
22:00:43.903956 SecurityTrails: check callback failed for the configuration
22:00:43.904021 Shodan: check callback failed for the configuration
22:00:43.904106 Spamhaus: check callback failed for the configuration
22:00:43.904245 ThreatBook: check callback failed for the configuration
22:00:43.904423 VirusTotal: check callback failed for the configuration
22:00:43.904498 WhoisXMLAPI: check callback failed for the configuration
22:00:43.904547 Yandex: check callback failed for the configuration
22:00:43.904620 ZETAlytics: check callback failed for the configuration
22:00:43.904669 Hunter: check callback failed for the configuration
22:00:43.906330 360PassiveDNS: check callback failed for the configuration
22:00:43.906494 ASNLookup: check callback failed for the configuration
22:00:43.916096 Censys: check callback failed for the configuration
22:00:43.916278 CertCentral: check callback failed for the configuration
22:00:43.916359 Chaos: check callback failed for the configuration
22:00:43.927037 DNSRepo: check callback failed for the configuration
22:00:43.927667 DNSlytics: check callback failed for the configuration
22:00:43.927911 Deepinfo: check callback failed for the configuration
22:00:43.928083 Detectify: check callback failed for the configuration
22:00:43.927341 BeVigil: check callback failed for the configuration
22:00:43.927379 BigDataCloud: check callback failed for the configuration
22:00:43.927419 BinaryEdge: check callback failed for the configuration
22:00:43.928674 GitHub: check callback failed for the configuration
22:00:43.928864 FacebookCT: check callback failed for the configuration
22:00:43.929088 FullHunt: check callback failed for the configuration
22:00:43.929345 FOFA: check callback failed for the configuration
22:00:43.929568 GitLab: check callback failed for the configuration
22:00:43.936860 DNSDB: check callback failed for the configuration
22:00:43.948339 BufferOver: check callback failed for the configuration
22:00:43.949406 BuiltWith: check callback failed for the configuration
22:00:43.950299 C99: check callback failed for the configuration
22:00:43.951053 CIRCL: check callback failed for the configuration
22:00:44.053135 Querying AbuseIPDB for globipedi.com subdomains
22:00:44.053815 Querying DNSSpy for globipedi.com subdomains
22:00:44.054139 Querying CommonCrawl for globipedi.com subdomains
22:00:44.054146 Querying DNS SRV for globipedi.com subdomains
22:00:44.054359 Querying HackerOne for globipedi.com subdomains
22:00:44.054423 Querying Arquivo for globipedi.com subdomains
22:00:44.054169 Querying RapidDNS for globipedi.com subdomains
22:00:44.054508 Querying Mnemonic for globipedi.com subdomains
22:00:44.054537 Querying HAW for globipedi.com subdomains
22:00:44.054562 Querying Active Crawl for globipedi.com subdomains
22:00:44.054176 Querying AlienVault for globipedi.com subdomains
22:00:44.054634 Querying SubdomainCenter for globipedi.com subdomains
22:00:44.054664 Querying SiteDossier for globipedi.com subdomains
22:00:44.054691 Querying Baidu for globipedi.com subdomains
22:00:44.054729 Querying Ask for globipedi.com subdomains
22:00:44.054197 Querying Greynoise for globipedi.com subdomains
22:00:44.054823 Querying UKWebArchive for globipedi.com subdomains
22:00:44.054878 Querying Brute Forcing for globipedi.com subdomains
22:00:44.054404 Querying Sublist3rAPI for globipedi.com subdomains
22:00:44.054490 Querying Bing for globipedi.com subdomains
22:00:44.054495 Querying Gists for globipedi.com subdomains
22:00:44.054519 Querying Searchcode for globipedi.com subdomains
22:00:44.054532 Querying DNSHistory for globipedi.com subdomains
22:00:44.054558 Querying Active DNS for globipedi.com subdomains
22:00:44.054585 Querying LeakIX for globipedi.com subdomains
22:00:44.054589 Querying Pulsedive for globipedi.com subdomains
22:00:44.054602 Querying Wayback for globipedi.com subdomains
22:00:44.054606 Querying CertSpotter for globipedi.com subdomains
22:00:44.054611 Querying Crtsh for globipedi.com subdomains
22:00:44.054614 Querying GrepApp for globipedi.com subdomains
22:00:44.054625 Querying HackerTarget for globipedi.com subdomains
22:00:44.054686 Querying URLScan for globipedi.com subdomains
22:00:44.054711 Querying HyperStat for globipedi.com subdomains
22:00:44.054715 Querying AnubisDB for globipedi.com subdomains
22:00:44.054809 Querying PKey for globipedi.com subdomains
22:00:44.054819 Querying Maltiverse for globipedi.com subdomains
22:00:44.054843 Querying Yahoo for globipedi.com subdomains
22:00:44.054848 Querying Synapsint for globipedi.com subdomains
22:00:44.054858 Querying Searx for globipedi.com subdomains
22:00:44.054862 Querying DuckDuckGo for globipedi.com subdomains
22:00:44.054867 Querying Google for globipedi.com subdomains
22:00:44.054872 Querying DNSDumpster for globipedi.com subdomains
22:00:44.054896 Querying Digitorus for globipedi.com subdomains
22:00:44.054901 Querying ThreatMiner for globipedi.com subdomains
22:00:44.060120 Querying Riddler for globipedi.com subdomains
22:00:45.208094 PKey: https://www.pkey.in/tools-i/search-subdomains: Post "https://www.pkey.in/tools-i/search-subdomains": http: server gave HTTP response to HTTPS client
22:00:45.208206 PKey: scrape: Post "https://www.pkey.in/tools-i/search-subdomains": http: server gave HTTP response to HTTPS client
22:00:45.288641 AbuseIPDB: get_ip request to service returned with status code: 403 Forbidden
22:00:45.368877 DNSDumpster: failed to discover the token in the response body
22:00:45.622592 AlienVault: passive_dns request to service returned with status: 429 Too Many Requests
22:00:45.683105 Riddler: https://riddler.io/search/exportcsv?q=pld:globipedi.com: Get "https://riddler.io/search/exportcsv?q=pld:globipedi.com": dial tcp: lookup riddler.io on 8.8.8.8:53: no such host
22:00:45.683196 Riddler: scrape: Get "https://riddler.io/search/exportcsv?q=pld:globipedi.com": dial tcp: lookup riddler.io on 8.8.8.8:53: no such host
22:00:45.760305 Greynoise: vertical request to service returned with status: 404 Not Found
22:00:45.842106 Sublist3rAPI: failed to decode the JSON response
22:00:46.257491 LeakIX: vertical request to service returned with status: 401 Unauthorized
22:00:46.348306 DNSHistory: vertical request to service returned with status code: 403 Forbidden
22:00:46.605543 Pulsedive: vertical request to service returned with status: 429 Too Many Requests
22:00:49.624714 Arquivo: vertical request to service returned with status code: 400 Bad Request
22:00:52.628690 ThreatMiner: vertical request to service returned with status: 500 Internal Server Error
